  Button.cpp
F:\source_code\cpp_code\to_the_bottom_sfml\to_the_bottom_sfml\coreMinimal.hpp(8,10): fatal error C1083: Cannot open include file: 'SFML/Audio.hpp': No such file or directory
  CheckBox.cpp
F:\source_code\cpp_code\to_the_bottom_sfml\to_the_bottom_sfml\coreMinimal.hpp(8,10): fatal error C1083: Cannot open include file: 'SFML/Audio.hpp': No such file or directory
  DateTime.cpp
F:\source_code\cpp_code\to_the_bottom_sfml\to_the_bottom_sfml\coreMinimal.hpp(8,10): fatal error C1083: Cannot open include file: 'SFML/Audio.hpp': No such file or directory
  GeneralFactory.cpp
F:\source_code\cpp_code\to_the_bottom_sfml\to_the_bottom_sfml\coreMinimal.hpp(8,10): fatal error C1083: Cannot open include file: 'SFML/Audio.hpp': No such file or directory
  InputField.cpp
F:\source_code\cpp_code\to_the_bottom_sfml\to_the_bottom_sfml\coreMinimal.hpp(8,10): fatal error C1083: Cannot open include file: 'SFML/Audio.hpp': No such file or directory
  main.cpp
F:\source_code\cpp_code\to_the_bottom_sfml\to_the_bottom_sfml\coreMinimal.hpp(8,10): fatal error C1083: Cannot open include file: 'SFML/Audio.hpp': No such file or directory
  ObjectBase.cpp
F:\source_code\cpp_code\to_the_bottom_sfml\to_the_bottom_sfml\coreMinimal.hpp(8,10): fatal error C1083: Cannot open include file: 'SFML/Audio.hpp': No such file or directory
  Programm.cpp
F:\source_code\cpp_code\to_the_bottom_sfml\to_the_bottom_sfml\coreMinimal.hpp(8,10): fatal error C1083: Cannot open include file: 'SFML/Audio.hpp': No such file or directory
  Timer.cpp
F:\source_code\cpp_code\to_the_bottom_sfml\to_the_bottom_sfml\coreMinimal.hpp(8,10): fatal error C1083: Cannot open include file: 'SFML/Audio.hpp': No such file or directory
  WidgetFactory.cpp
F:\source_code\cpp_code\to_the_bottom_sfml\to_the_bottom_sfml\coreMinimal.hpp(8,10): fatal error C1083: Cannot open include file: 'SFML/Audio.hpp': No such file or directory
  Generating Code...
